# JRE version: Java(TM) SE Runtime Environment (15.0.2+7) (build 15.0.2+7-27)
# Java VM: Java HotSpot(TM) 64-Bit Server VM (15.0.2+7-27, mixed mode, sharing, tiered, compressed oops, g1 gc, windows-amd64)
GC Precious Log:
 CPUs: 2 total, 2 available
 Memory: 3917M
 Large Page Support: Disabled
 NUMA Support: Disabled
 Compressed Oops: Enabled (32-bit)
 Heap Region Size: 1M
 Heap Min Capacity: 8M
 Heap Initial Capacity: 62M
 Heap Max Capacity: 980M
 Pre-touch: Disabled
 Parallel Workers: 2
 Concurrent Workers: 1
 Concurrent Refinement Workers: 2
 Periodic GC: Disabled
Heap:
 garbage-first heap   total 76800K, used 36652K [0x00000000c2c00000, 0x0000000100000000)
  region size 1024K, 4 young (4096K), 1 survivors (1024K)
 Metaspace       used 13895K, capacity 14202K, committed 14336K, reserved 1062912K
  class space    used 1576K, capacity 1679K, committed 1792K, reserved 1048576K
GC Heap History (10 events):
Event: 0.901 GC heap before
{Heap before GC invocations=0 (full 0):
 garbage-first heap   total 63488K, used 5120K [0x00000000c2c00000, 0x0000000100000000)
  region size 1024K, 6 young (6144K), 0 survivors (0K)
 Metaspace       used 4508K, capacity 5719K, committed 6016K, reserved 1056768K
  class space    used 448K, capacity 560K, committed 640K, reserved 1048576K
}
Event: 0.906 GC heap after
{Heap after GC invocations=1 (full 0):
 garbage-first heap   total 63488K, used 1634K [0x00000000c2c00000, 0x0000000100000000)
  region size 1024K, 1 young (1024K), 1 survivors (1024K)
 Metaspace       used 4508K, capacity 5719K, committed 6016K, reserved 1056768K
  class space    used 448K, capacity 560K, committed 640K, reserved 1048576K
}
Event: 1.221 GC heap before
{Heap before GC invocations=1 (full 0):
 garbage-first heap   total 63488K, used 5730K [0x00000000c2c00000, 0x0000000100000000)
  region size 1024K, 6 young (6144K), 1 survivors (1024K)
 Metaspace       used 6715K, capacity 7013K, committed 7168K, reserved 1056768K
  class space    used 680K, capacity 762K, committed 768K, reserved 1048576K
}
Event: 1.228 GC heap after
{Heap after GC invocations=2 (full 0):
 garbage-first heap   total 63488K, used 3330K [0x00000000c2c00000, 0x0000000100000000)
  region size 1024K, 1 young (1024K), 1 survivors (1024K)
 Metaspace       used 6715K, capacity 7013K, committed 7168K, reserved 1056768K
  class space    used 680K, capacity 762K, committed 768K, reserved 1048576K
}
Event: 2.360 GC heap before
{Heap before GC invocations=2 (full 0):
 garbage-first heap   total 63488K, used 20738K [0x00000000c2c00000, 0x0000000100000000)
  region size 1024K, 10 young (10240K), 1 survivors (1024K)
 Metaspace       used 11530K, capacity 11793K, committed 11904K, reserved 1060864K
  class space    used 1252K, capacity 1325K, committed 1408K, reserved 1048576K
}
Event: 2.368 GC heap after
{Heap after GC invocations=3 (full 0):
 garbage-first heap   total 63488K, used 13567K [0x00000000c2c00000, 0x0000000100000000)
  region size 1024K, 2 young (2048K), 2 survivors (2048K)
 Metaspace       used 11530K, capacity 11793K, committed 11904K, reserved 1060864K
  class space    used 1252K, capacity 1325K, committed 1408K, reserved 1048576K
}
Event: 3.023 GC heap before
{Heap before GC invocations=3 (full 0):
 garbage-first heap   total 63488K, used 41215K [0x00000000c2c00000, 0x0000000100000000)
  region size 1024K, 14 young (14336K), 2 survivors (2048K)
 Metaspace       used 12326K, capacity 12601K, committed 12800K, reserved 1060864K
  class space    used 1359K, capacity 1423K, committed 1536K, reserved 1048576K
}
Event: 3.031 GC heap after
{Heap after GC invocations=4 (full 0):
 garbage-first heap   total 63488K, used 30516K [0x00000000c2c00000, 0x0000000100000000)
  region size 1024K, 2 young (2048K), 2 survivors (2048K)
 Metaspace       used 12326K, capacity 12601K, committed 12800K, reserved 1060864K
  class space    used 1359K, capacity 1423K, committed 1536K, reserved 1048576K
}
Event: 3.172 GC heap before
{Heap before GC invocations=5 (full 0):
 garbage-first heap   total 63488K, used 33588K [0x00000000c2c00000, 0x0000000100000000)
  region size 1024K, 4 young (4096K), 2 survivors (2048K)
 Metaspace       used 12326K, capacity 12601K, committed 12800K, reserved 1060864K
  class space    used 1359K, capacity 1423K, committed 1536K, reserved 1048576K
}
Event: 3.177 GC heap after
{Heap after GC invocations=6 (full 0):
 garbage-first heap   total 76800K, used 32556K [0x00000000c2c00000, 0x0000000100000000)
  region size 1024K, 1 young (1024K), 1 survivors (1024K)
 Metaspace       used 12326K, capacity 12601K, committed 12800K, reserved 1060864K
  class space    used 1359K, capacity 1423K, committed 1536K, reserved 1048576K
}

